<?xml version="1.0" encoding="UTF-8"?>
<testng-results ignored="0" total="1" passed="1" failed="0" skipped="0">
  <reporter-output>
  </reporter-output>
  <suite started-at="2024-09-25T06:34:01 PDT" name="Default suite" finished-at="2024-09-25T06:34:01 PDT" duration-ms="725">
    <groups>
    </groups>
    <test started-at="2024-09-25T06:34:01 PDT" name="Default test" finished-at="2024-09-25T06:34:01 PDT" duration-ms="725">
      <class name="sjtests.ValidatefieldsPageTest">
        <test-method is-config="true" signature="setup(org.testng.ITestContext)[pri:0, instance:sjtests.ValidatefieldsPageTest@6da21078]" started-at="2024-09-25T06:33:53 PDT" name="setup" finished-at="2024-09-25T06:34:01 PDT" duration-ms="7384" status="PASS">
          <params>
            <param index="0">
              <value>
                <![CDATA[org.testng.TestRunner@173b9122]]>
              </value>
            </param>
          </params>
          <reporter-output>
          </reporter-output>
        </test-method> <!-- setup -->
        <test-method signature="fieldsvalidation()[pri:0, instance:sjtests.ValidatefieldsPageTest@6da21078]" started-at="2024-09-25T06:34:01 PDT" name="fieldsvalidation" finished-at="2024-09-25T06:34:01 PDT" duration-ms="551" status="PASS">
          <reporter-output>
          </reporter-output>
        </test-method> <!-- fieldsvalidation -->
        <test-method is-config="true" signature="tearDown()[pri:0, instance:sjtests.ValidatefieldsPageTest@6da21078]" started-at="2024-09-25T06:34:01 PDT" name="tearDown" finished-at="2024-09-25T06:34:01 PDT" duration-ms="152" status="PASS">
          <reporter-output>
          </reporter-output>
        </test-method> <!-- tearDown -->
      </class> <!-- sjtests.ValidatefieldsPageTest -->
    </test> <!-- Default test -->
  </suite> <!-- Default suite -->
</testng-results>
